<?xml version="1.0" encoding="UTF-8"?>
<!-- Generated by org.testng.reporters.JUnitReportReporter -->
<testsuite hostname="Lenovo-PC" name="test.TESTActitimeLogin" tests="1" failures="0" timestamp="20 Jun 2021 14:22:24 GMT" time="30.534" errors="0">
  <testcase name="login" time="30.534" classname="test.TESTActitimeLogin"/>
</testsuite> <!-- test.TESTActitimeLogin -->
