<?xml version="1.0" encoding="UTF-8"?>
<!-- Generated by org.testng.reporters.JUnitReportReporter -->
<testsuite hostname="Lenovo-PC" name="test.TESTActitimeCreateCustomer" tests="1" failures="0" timestamp="20 Jun 2021 14:22:24 GMT" time="60.663" errors="0">
  <testcase name="customerCreate" time="60.663" classname="test.TESTActitimeCreateCustomer"/>
</testsuite> <!-- test.TESTActitimeCreateCustomer -->
