<?xml version="1.0" encoding="UTF-8"?>
<!-- Generated by org.testng.reporters.JUnitReportReporter -->
<testsuite hostname="Lenovo-PC" name="test.TESTActitimeCreateWork" tests="1" failures="0" timestamp="20 Jun 2021 14:22:24 GMT" time="53.177" errors="0">
  <testcase name="workCreate" time="53.177" classname="test.TESTActitimeCreateWork"/>
</testsuite> <!-- test.TESTActitimeCreateWork -->
